<?xml version="1.0" encoding="UTF-8"?>
<coverage generated="1603813663698" clover="3.2.0">
  <project timestamp="1603813663699" name="All files">
    <metrics statements="66" coveredstatements="66" conditionals="16" coveredconditionals="13" methods="28" coveredmethods="26" elements="110" coveredelements="105" complexity="0" loc="66" ncloc="66" packages="4" files="5" classes="5"/>
    <package name="_mocks_">
      <metrics statements="5" coveredstatements="5" conditionals="0" coveredconditionals="0" methods="0" coveredmethods="0"/>
      <file name="node-fetch.js" path="C:\Users\HP\MD-links\LIM013-fe-md-links\_mocks_\node-fetch.js">
        <metrics statements="5" coveredstatements="5" conditionals="0" coveredconditionals="0" methods="0" coveredmethods="0"/>
        <line num="1" count="1" type="stmt"/>
        <line num="2" count="1" type="stmt"/>
        <line num="3" count="1" type="stmt"/>
        <line num="8" count="1" type="stmt"/>
        <line num="13" count="1" type="stmt"/>
      </file>
    </package>
    <package name="src">
      <metrics statements="6" coveredstatements="6" conditionals="0" coveredconditionals="0" methods="5" coveredmethods="5"/>
      <file name="stats.js" path="C:\Users\HP\MD-links\LIM013-fe-md-links\src\stats.js">
        <metrics statements="6" coveredstatements="6" conditionals="0" coveredconditionals="0" methods="5" coveredmethods="5"/>
        <line num="55" count="1" type="stmt"/>
        <line num="56" count="1" type="stmt"/>
        <line num="61" count="1" type="stmt"/>
        <line num="62" count="11" type="stmt"/>
        <line num="67" count="1" type="stmt"/>
        <line num="68" count="11" type="stmt"/>
      </file>
    </package>
    <package name="src.md-Links">
      <metrics statements="53" coveredstatements="53" conditionals="16" coveredconditionals="13" methods="23" coveredmethods="21"/>
      <file name="mdLinks.js" path="C:\Users\HP\MD-links\LIM013-fe-md-links\src\md-Links\mdLinks.js">
        <metrics statements="5" coveredstatements="5" conditionals="4" coveredconditionals="3" methods="2" coveredmethods="2"/>
        <line num="7" count="1" type="stmt"/>
        <line num="8" count="2" type="cond" truecount="2" falsecount="0"/>
        <line num="9" count="1" type="stmt"/>
        <line num="12" count="1" type="cond" truecount="1" falsecount="1"/>
        <line num="13" count="1" type="stmt"/>
      </file>
      <file name="utils1.js" path="C:\Users\HP\MD-links\LIM013-fe-md-links\src\md-Links\utils1.js">
        <metrics statements="48" coveredstatements="48" conditionals="12" coveredconditionals="10" methods="21" coveredmethods="19"/>
        <line num="4" count="3" type="stmt"/>
        <line num="12" count="3" type="stmt"/>
        <line num="13" count="3" type="stmt"/>
        <line num="14" count="3" type="stmt"/>
        <line num="19" count="3" type="cond" truecount="0" falsecount="2"/>
        <line num="22" count="3" type="cond" truecount="2" falsecount="0"/>
        <line num="26" count="3" type="stmt"/>
        <line num="27" count="14" type="stmt"/>
        <line num="32" count="3" type="stmt"/>
        <line num="33" count="2" type="stmt"/>
        <line num="34" count="2" type="cond" truecount="2" falsecount="0"/>
        <line num="35" count="2" type="stmt"/>
        <line num="40" count="3" type="stmt"/>
        <line num="41" count="14" type="stmt"/>
        <line num="42" count="14" type="cond" truecount="2" falsecount="0"/>
        <line num="43" count="14" type="stmt"/>
        <line num="51" count="3" type="stmt"/>
        <line num="52" count="2" type="stmt"/>
        <line num="53" count="2" type="stmt"/>
        <line num="54" count="5" type="stmt"/>
        <line num="58" count="16" type="stmt"/>
        <line num="60" count="3" type="stmt"/>
        <line num="61" count="13" type="stmt"/>
        <line num="62" count="13" type="stmt"/>
        <line num="63" count="13" type="cond" truecount="2" falsecount="0"/>
        <line num="65" count="12" type="cond" truecount="2" falsecount="0"/>
        <line num="66" count="11" type="stmt"/>
        <line num="69" count="1" type="stmt"/>
        <line num="70" count="1" type="stmt"/>
        <line num="71" count="1" type="stmt"/>
        <line num="72" count="1" type="stmt"/>
        <line num="75" count="13" type="stmt"/>
        <line num="81" count="3" type="stmt"/>
        <line num="82" count="9" type="stmt"/>
        <line num="83" count="9" type="stmt"/>
        <line num="84" count="9" type="stmt"/>
        <line num="88" count="9" type="stmt"/>
        <line num="89" count="55" type="stmt"/>
        <line num="94" count="55" type="stmt"/>
        <line num="97" count="9" type="stmt"/>
        <line num="101" count="9" type="stmt"/>
        <line num="109" count="3" type="stmt"/>
        <line num="110" count="6" type="stmt"/>
        <line num="111" count="51" type="stmt"/>
        <line num="112" count="15" type="stmt"/>
        <line num="120" count="8" type="stmt"/>
        <line num="129" count="6" type="stmt"/>
        <line num="135" count="3" type="stmt"/>
      </file>
    </package>
    <package name="test">
      <metrics statements="2" coveredstatements="2" conditionals="0" coveredconditionals="0" methods="0" coveredmethods="0"/>
      <file name="testData.js" path="C:\Users\HP\MD-links\LIM013-fe-md-links\test\testData.js">
        <metrics statements="2" coveredstatements="2" conditionals="0" coveredconditionals="0" methods="0" coveredmethods="0"/>
        <line num="70" count="1" type="stmt"/>
        <line num="199" count="1" type="stmt"/>
      </file>
    </package>
  </project>
</coverage>
