<?xml version="1.0" encoding="UTF-8"?>
<coverage generated="1603397855345" clover="3.2.0">
  <project timestamp="1603397855345" name="All files">
    <metrics statements="72" coveredstatements="71" conditionals="16" coveredconditionals="13" methods="26" coveredmethods="24" elements="114" coveredelements="108" complexity="0" loc="72" ncloc="72" packages="4" files="5" classes="5"/>
    <package name="_mocks_">
      <metrics statements="5" coveredstatements="5" conditionals="0" coveredconditionals="0" methods="0" coveredmethods="0"/>
      <file name="node-fetch.js" path="C:\Users\HP\MD-links\LIM013-fe-md-links\_mocks_\node-fetch.js">
        <metrics statements="5" coveredstatements="5" conditionals="0" coveredconditionals="0" methods="0" coveredmethods="0"/>
        <line num="1" count="1" type="stmt"/>
        <line num="2" count="1" type="stmt"/>
        <line num="3" count="1" type="stmt"/>
        <line num="8" count="1" type="stmt"/>
        <line num="13" count="1" type="stmt"/>
      </file>
    </package>
    <package name="src">
      <metrics statements="6" coveredstatements="6" conditionals="0" coveredconditionals="0" methods="5" coveredmethods="5"/>
      <file name="stats.js" path="C:\Users\HP\MD-links\LIM013-fe-md-links\src\stats.js">
        <metrics statements="6" coveredstatements="6" conditionals="0" coveredconditionals="0" methods="5" coveredmethods="5"/>
        <line num="55" count="1" type="stmt"/>
        <line num="56" count="1" type="stmt"/>
        <line num="61" count="1" type="stmt"/>
        <line num="62" count="11" type="stmt"/>
        <line num="67" count="1" type="stmt"/>
        <line num="68" count="11" type="stmt"/>
      </file>
    </package>
    <package name="src.md-Links">
      <metrics statements="56" coveredstatements="55" conditionals="16" coveredconditionals="13" methods="21" coveredmethods="19"/>
      <file name="mdLinks.js" path="C:\Users\HP\MD-links\LIM013-fe-md-links\src\md-Links\mdLinks.js">
        <metrics statements="5" coveredstatements="5" conditionals="4" coveredconditionals="3" methods="2" coveredmethods="2"/>
        <line num="7" count="1" type="stmt"/>
        <line num="8" count="2" type="cond" truecount="2" falsecount="0"/>
        <line num="9" count="1" type="stmt"/>
        <line num="12" count="1" type="cond" truecount="1" falsecount="1"/>
        <line num="13" count="1" type="stmt"/>
      </file>
      <file name="utils1.js" path="C:\Users\HP\MD-links\LIM013-fe-md-links\src\md-Links\utils1.js">
        <metrics statements="51" coveredstatements="50" conditionals="12" coveredconditionals="10" methods="19" coveredmethods="17"/>
        <line num="4" count="3" type="stmt"/>
        <line num="5" count="3" type="stmt"/>
        <line num="6" count="3" type="stmt"/>
        <line num="7" count="3" type="stmt"/>
        <line num="8" count="3" type="stmt"/>
        <line num="14" count="3" type="stmt"/>
        <line num="15" count="3" type="stmt"/>
        <line num="16" count="3" type="stmt"/>
        <line num="21" count="3" type="cond" truecount="0" falsecount="2"/>
        <line num="24" count="3" type="cond" truecount="2" falsecount="0"/>
        <line num="35" count="3" type="stmt"/>
        <line num="36" count="11" type="stmt"/>
        <line num="41" count="3" type="stmt"/>
        <line num="42" count="2" type="stmt"/>
        <line num="43" count="2" type="cond" truecount="2" falsecount="0"/>
        <line num="44" count="2" type="stmt"/>
        <line num="49" count="3" type="stmt"/>
        <line num="50" count="11" type="stmt"/>
        <line num="51" count="11" type="cond" truecount="2" falsecount="0"/>
        <line num="52" count="11" type="stmt"/>
        <line num="60" count="3" type="stmt"/>
        <line num="61" count="2" type="stmt"/>
        <line num="62" count="2" type="stmt"/>
        <line num="63" count="5" type="stmt"/>
        <line num="67" count="13" type="stmt"/>
        <line num="69" count="3" type="stmt"/>
        <line num="70" count="10" type="stmt"/>
        <line num="71" count="10" type="stmt"/>
        <line num="72" count="10" type="cond" truecount="2" falsecount="0"/>
        <line num="74" count="9" type="cond" truecount="2" falsecount="0"/>
        <line num="75" count="8" type="stmt"/>
        <line num="78" count="1" type="stmt"/>
        <line num="79" count="1" type="stmt"/>
        <line num="80" count="1" type="stmt"/>
        <line num="81" count="1" type="stmt"/>
        <line num="84" count="10" type="stmt"/>
        <line num="90" count="3" type="stmt"/>
        <line num="91" count="6" type="stmt"/>
        <line num="92" count="6" type="stmt"/>
        <line num="93" count="6" type="stmt"/>
        <line num="97" count="6" type="stmt"/>
        <line num="98" count="22" type="stmt"/>
        <line num="103" count="22" type="stmt"/>
        <line num="106" count="6" type="stmt"/>
        <line num="110" count="6" type="stmt"/>
        <line num="118" count="3" type="stmt"/>
        <line num="119" count="3" type="stmt"/>
        <line num="120" count="18" type="stmt"/>
        <line num="121" count="0" type="stmt"/>
        <line num="129" count="2" type="stmt"/>
        <line num="138" count="3" type="stmt"/>
      </file>
    </package>
    <package name="test">
      <metrics statements="5" coveredstatements="5" conditionals="0" coveredconditionals="0" methods="0" coveredmethods="0"/>
      <file name="testData.js" path="C:\Users\HP\MD-links\LIM013-fe-md-links\test\testData.js">
        <metrics statements="5" coveredstatements="5" conditionals="0" coveredconditionals="0" methods="0" coveredmethods="0"/>
        <line num="8" count="1" type="stmt"/>
        <line num="114" count="1" type="stmt"/>
        <line num="194" count="1" type="stmt"/>
        <line num="195" count="1" type="stmt"/>
        <line num="197" count="1" type="stmt"/>
      </file>
    </package>
  </project>
</coverage>
