{"C:\\Users\\HP\\MD-links\\LIM013-fe-md-links\\_mocks_\\node-fetch.js": {"path":"C:\\Users\\HP\\MD-links\\LIM013-fe-md-links\\_mocks_\\node-fetch.js","statementMap":{"0":{"start":{"line":1,"column":18},"end":{"line":1,"column":50}},"1":{"start":{"line":2,"column":18},"end":{"line":2,"column":49}},"2":{"start":{"line":3,"column":0},"end":{"line":5,"column":3}},"3":{"start":{"line":8,"column":0},"end":{"line":11,"column":50}},"4":{"start":{"line":13,"column":0},"end":{"line":13,"column":27}}},"fnMap":{},"branchMap":{},"s":{"0":1,"1":1,"2":1,"3":1,"4":1},"f":{},"b":{},"_coverageSchema":"1a1c01bbd47fc00a2c39e90264f33305004495a9","hash":"ab90c129dda3af81dcc6272a1b105c074c3d08a0"}
,"C:\\Users\\HP\\MD-links\\LIM013-fe-md-links\\src\\stats.js": {"path":"C:\\Users\\HP\\MD-links\\LIM013-fe-md-links\\src\\stats.js","statementMap":{"0":{"start":{"line":55,"column":26},"end":{"line":57,"column":3}},"1":{"start":{"line":56,"column":4},"end":{"line":56,"column":25}},"2":{"start":{"line":61,"column":29},"end":{"line":63,"column":3}},"3":{"start":{"line":62,"column":4},"end":{"line":62,"column":59}},"4":{"start":{"line":62,"column":41},"end":{"line":62,"column":51}},"5":{"start":{"line":67,"column":29},"end":{"line":69,"column":3}},"6":{"start":{"line":68,"column":4},"end":{"line":68,"column":68}},"7":{"start":{"line":68,"column":41},"end":{"line":68,"column":59}}},"fnMap":{"0":{"name":"(anonymous_0)","decl":{"start":{"line":55,"column":26},"end":{"line":55,"column":27}},"loc":{"start":{"line":55,"column":38},"end":{"line":57,"column":3}},"line":55},"1":{"name":"(anonymous_1)","decl":{"start":{"line":61,"column":29},"end":{"line":61,"column":30}},"loc":{"start":{"line":61,"column":41},"end":{"line":63,"column":3}},"line":61},"2":{"name":"(anonymous_2)","decl":{"start":{"line":62,"column":30},"end":{"line":62,"column":31}},"loc":{"start":{"line":62,"column":41},"end":{"line":62,"column":51}},"line":62},"3":{"name":"(anonymous_3)","decl":{"start":{"line":67,"column":29},"end":{"line":67,"column":30}},"loc":{"start":{"line":67,"column":49},"end":{"line":69,"column":3}},"line":67},"4":{"name":"(anonymous_4)","decl":{"start":{"line":68,"column":33},"end":{"line":68,"column":34}},"loc":{"start":{"line":68,"column":41},"end":{"line":68,"column":59}},"line":68}},"branchMap":{},"s":{"0":1,"1":1,"2":1,"3":1,"4":11,"5":1,"6":1,"7":11},"f":{"0":1,"1":1,"2":11,"3":1,"4":11},"b":{},"_coverageSchema":"1a1c01bbd47fc00a2c39e90264f33305004495a9","hash":"8e393959053db98ddebce2a017e34bd1b7411cd5"}
,"C:\\Users\\HP\\MD-links\\LIM013-fe-md-links\\src\\md-Links\\mdLinks.js": {"path":"C:\\Users\\HP\\MD-links\\LIM013-fe-md-links\\src\\md-Links\\mdLinks.js","statementMap":{"0":{"start":{"line":7,"column":25},"end":{"line":15,"column":1}},"1":{"start":{"line":8,"column":2},"end":{"line":11,"column":3}},"2":{"start":{"line":9,"column":4},"end":{"line":9,"column":32}},"3":{"start":{"line":12,"column":2},"end":{"line":14,"column":3}},"4":{"start":{"line":13,"column":4},"end":{"line":13,"column":60}},"5":{"start":{"line":13,"column":34},"end":{"line":13,"column":58}}},"fnMap":{"0":{"name":"(anonymous_0)","decl":{"start":{"line":7,"column":25},"end":{"line":7,"column":26}},"loc":{"start":{"line":7,"column":45},"end":{"line":15,"column":1}},"line":7},"1":{"name":"(anonymous_1)","decl":{"start":{"line":13,"column":23},"end":{"line":13,"column":24}},"loc":{"start":{"line":13,"column":34},"end":{"line":13,"column":58}},"line":13}},"branchMap":{"0":{"loc":{"start":{"line":8,"column":2},"end":{"line":11,"column":3}},"type":"if","locations":[{"start":{"line":8,"column":2},"end":{"line":11,"column":3}},{"start":{"line":8,"column":2},"end":{"line":11,"column":3}}],"line":8},"1":{"loc":{"start":{"line":12,"column":2},"end":{"line":14,"column":3}},"type":"if","locations":[{"start":{"line":12,"column":2},"end":{"line":14,"column":3}},{"start":{"line":12,"column":2},"end":{"line":14,"column":3}}],"line":12}},"s":{"0":1,"1":2,"2":1,"3":1,"4":1,"5":1},"f":{"0":2,"1":1},"b":{"0":[1,1],"1":[1,0]},"_coverageSchema":"1a1c01bbd47fc00a2c39e90264f33305004495a9","hash":"d571ca2606958247cce73984a54150728f69b105"}
,"C:\\Users\\HP\\MD-links\\LIM013-fe-md-links\\src\\md-Links\\utils1.js": {"path":"C:\\Users\\HP\\MD-links\\LIM013-fe-md-links\\src\\md-Links\\utils1.js","statementMap":{"0":{"start":{"line":4,"column":13},"end":{"line":4,"column":28}},"1":{"start":{"line":5,"column":11},"end":{"line":5,"column":24}},"2":{"start":{"line":6,"column":15},"end":{"line":6,"column":32}},"3":{"start":{"line":7,"column":17},"end":{"line":7,"column":38}},"4":{"start":{"line":8,"column":14},"end":{"line":8,"column":35}},"5":{"start":{"line":14,"column":14},"end":{"line":14,"column":37}},"6":{"start":{"line":15,"column":14},"end":{"line":15,"column":40}},"7":{"start":{"line":16,"column":14},"end":{"line":16,"column":73}},"8":{"start":{"line":21,"column":23},"end":{"line":21,"column":66}},"9":{"start":{"line":21,"column":33},"end":{"line":21,"column":66}},"10":{"start":{"line":24,"column":28},"end":{"line":24,"column":73}},"11":{"start":{"line":24,"column":38},"end":{"line":24,"column":73}},"12":{"start":{"line":35,"column":31},"end":{"line":37,"column":3}},"13":{"start":{"line":36,"column":4},"end":{"line":36,"column":31}},"14":{"start":{"line":41,"column":31},"end":{"line":45,"column":1}},"15":{"start":{"line":42,"column":18},"end":{"line":42,"column":37}},"16":{"start":{"line":43,"column":21},"end":{"line":43,"column":60}},"17":{"start":{"line":44,"column":4},"end":{"line":44,"column":21}},"18":{"start":{"line":49,"column":25},"end":{"line":53,"column":1}},"19":{"start":{"line":50,"column":17},"end":{"line":50,"column":36}},"20":{"start":{"line":51,"column":19},"end":{"line":51,"column":52}},"21":{"start":{"line":52,"column":4},"end":{"line":52,"column":18}},"22":{"start":{"line":60,"column":38},"end":{"line":64,"column":1}},"23":{"start":{"line":61,"column":29},"end":{"line":61,"column":61}},"24":{"start":{"line":61,"column":40},"end":{"line":61,"column":61}},"25":{"start":{"line":62,"column":5},"end":{"line":63,"column":34}},"26":{"start":{"line":63,"column":6},"end":{"line":63,"column":31}},"27":{"start":{"line":67,"column":30},"end":{"line":67,"column":60}},"28":{"start":{"line":67,"column":41},"end":{"line":67,"column":60}},"29":{"start":{"line":69,"column":26},"end":{"line":85,"column":5}},"30":{"start":{"line":70,"column":29},"end":{"line":70,"column":31}},"31":{"start":{"line":71,"column":22},"end":{"line":71,"column":42}},"32":{"start":{"line":72,"column":8},"end":{"line":83,"column":9}},"33":{"start":{"line":74,"column":12},"end":{"line":76,"column":13}},"34":{"start":{"line":75,"column":15},"end":{"line":75,"column":44}},"35":{"start":{"line":78,"column":12},"end":{"line":82,"column":13}},"36":{"start":{"line":79,"column":34},"end":{"line":79,"column":41}},"37":{"start":{"line":80,"column":39},"end":{"line":80,"column":64}},"38":{"start":{"line":81,"column":10},"end":{"line":81,"column":71}},"39":{"start":{"line":84,"column":8},"end":{"line":84,"column":30}},"40":{"start":{"line":90,"column":28},"end":{"line":112,"column":9}},"41":{"start":{"line":91,"column":29},"end":{"line":91,"column":31}},"42":{"start":{"line":92,"column":31},"end":{"line":92,"column":73}},"43":{"start":{"line":92,"column":42},"end":{"line":92,"column":73}},"44":{"start":{"line":93,"column":11},"end":{"line":108,"column":13}},"45":{"start":{"line":97,"column":12},"end":{"line":104,"column":16}},"46":{"start":{"line":98,"column":35},"end":{"line":102,"column":23}},"47":{"start":{"line":103,"column":18},"end":{"line":103,"column":42}},"48":{"start":{"line":106,"column":14},"end":{"line":106,"column":54}},"49":{"start":{"line":110,"column":10},"end":{"line":110,"column":30}},"50":{"start":{"line":118,"column":35},"end":{"line":140,"column":9}},"51":{"start":{"line":119,"column":29},"end":{"line":119,"column":44}},"52":{"start":{"line":120,"column":24},"end":{"line":136,"column":14}},"53":{"start":{"line":120,"column":49},"end":{"line":136,"column":13}},"54":{"start":{"line":121,"column":24},"end":{"line":128,"column":11}},"55":{"start":{"line":129,"column":22},"end":{"line":136,"column":11}},"56":{"start":{"line":138,"column":10},"end":{"line":138,"column":36}}},"fnMap":{"0":{"name":"(anonymous_0)","decl":{"start":{"line":21,"column":23},"end":{"line":21,"column":24}},"loc":{"start":{"line":21,"column":33},"end":{"line":21,"column":66}},"line":21},"1":{"name":"(anonymous_1)","decl":{"start":{"line":24,"column":28},"end":{"line":24,"column":29}},"loc":{"start":{"line":24,"column":38},"end":{"line":24,"column":73}},"line":24},"2":{"name":"(anonymous_2)","decl":{"start":{"line":35,"column":31},"end":{"line":35,"column":32}},"loc":{"start":{"line":35,"column":42},"end":{"line":37,"column":3}},"line":35},"3":{"name":"(anonymous_3)","decl":{"start":{"line":41,"column":31},"end":{"line":41,"column":32}},"loc":{"start":{"line":41,"column":40},"end":{"line":45,"column":1}},"line":41},"4":{"name":"(anonymous_4)","decl":{"start":{"line":49,"column":25},"end":{"line":49,"column":26}},"loc":{"start":{"line":49,"column":36},"end":{"line":53,"column":1}},"line":49},"5":{"name":"(anonymous_5)","decl":{"start":{"line":60,"column":38},"end":{"line":60,"column":39}},"loc":{"start":{"line":60,"column":49},"end":{"line":64,"column":1}},"line":60},"6":{"name":"(anonymous_6)","decl":{"start":{"line":61,"column":29},"end":{"line":61,"column":30}},"loc":{"start":{"line":61,"column":40},"end":{"line":61,"column":61}},"line":61},"7":{"name":"(anonymous_7)","decl":{"start":{"line":62,"column":42},"end":{"line":62,"column":43}},"loc":{"start":{"line":63,"column":6},"end":{"line":63,"column":31}},"line":63},"8":{"name":"(anonymous_8)","decl":{"start":{"line":67,"column":30},"end":{"line":67,"column":31}},"loc":{"start":{"line":67,"column":41},"end":{"line":67,"column":60}},"line":67},"9":{"name":"(anonymous_9)","decl":{"start":{"line":69,"column":26},"end":{"line":69,"column":27}},"loc":{"start":{"line":69,"column":37},"end":{"line":85,"column":5}},"line":69},"10":{"name":"(anonymous_10)","decl":{"start":{"line":78,"column":50},"end":{"line":78,"column":51}},"loc":{"start":{"line":78,"column":63},"end":{"line":82,"column":11}},"line":78},"11":{"name":"(anonymous_11)","decl":{"start":{"line":90,"column":28},"end":{"line":90,"column":29}},"loc":{"start":{"line":90,"column":39},"end":{"line":112,"column":9}},"line":90},"12":{"name":"(anonymous_12)","decl":{"start":{"line":92,"column":31},"end":{"line":92,"column":32}},"loc":{"start":{"line":92,"column":42},"end":{"line":92,"column":73}},"line":92},"13":{"name":"(anonymous_13)","decl":{"start":{"line":93,"column":35},"end":{"line":93,"column":36}},"loc":{"start":{"line":93,"column":45},"end":{"line":108,"column":11}},"line":93},"14":{"name":"(anonymous_14)","decl":{"start":{"line":97,"column":28},"end":{"line":97,"column":29}},"loc":{"start":{"line":97,"column":51},"end":{"line":104,"column":15}},"line":97},"15":{"name":"(anonymous_15)","decl":{"start":{"line":118,"column":35},"end":{"line":118,"column":36}},"loc":{"start":{"line":118,"column":44},"end":{"line":140,"column":9}},"line":118},"16":{"name":"(anonymous_16)","decl":{"start":{"line":120,"column":39},"end":{"line":120,"column":40}},"loc":{"start":{"line":120,"column":49},"end":{"line":136,"column":13}},"line":120},"17":{"name":"(anonymous_17)","decl":{"start":{"line":121,"column":16},"end":{"line":121,"column":17}},"loc":{"start":{"line":121,"column":24},"end":{"line":128,"column":11}},"line":121},"18":{"name":"(anonymous_18)","decl":{"start":{"line":129,"column":17},"end":{"line":129,"column":18}},"loc":{"start":{"line":129,"column":22},"end":{"line":136,"column":11}},"line":129}},"branchMap":{"0":{"loc":{"start":{"line":21,"column":33},"end":{"line":21,"column":66}},"type":"cond-expr","locations":[{"start":{"line":21,"column":56},"end":{"line":21,"column":60}},{"start":{"line":21,"column":61},"end":{"line":21,"column":66}}],"line":21},"1":{"loc":{"start":{"line":24,"column":38},"end":{"line":24,"column":73}},"type":"cond-expr","locations":[{"start":{"line":24,"column":63},"end":{"line":24,"column":67}},{"start":{"line":24,"column":68},"end":{"line":24,"column":73}}],"line":24},"2":{"loc":{"start":{"line":43,"column":21},"end":{"line":43,"column":60}},"type":"cond-expr","locations":[{"start":{"line":43,"column":50},"end":{"line":43,"column":54}},{"start":{"line":43,"column":55},"end":{"line":43,"column":60}}],"line":43},"3":{"loc":{"start":{"line":51,"column":19},"end":{"line":51,"column":52}},"type":"cond-expr","locations":[{"start":{"line":51,"column":42},"end":{"line":51,"column":46}},{"start":{"line":51,"column":47},"end":{"line":51,"column":52}}],"line":51},"4":{"loc":{"start":{"line":72,"column":8},"end":{"line":83,"column":9}},"type":"if","locations":[{"start":{"line":72,"column":8},"end":{"line":83,"column":9}},{"start":{"line":72,"column":8},"end":{"line":83,"column":9}}],"line":72},"5":{"loc":{"start":{"line":74,"column":12},"end":{"line":76,"column":13}},"type":"if","locations":[{"start":{"line":74,"column":12},"end":{"line":76,"column":13}},{"start":{"line":74,"column":12},"end":{"line":76,"column":13}}],"line":74}},"s":{"0":3,"1":3,"2":3,"3":3,"4":3,"5":3,"6":3,"7":3,"8":3,"9":0,"10":3,"11":2,"12":3,"13":11,"14":3,"15":2,"16":2,"17":2,"18":3,"19":11,"20":11,"21":11,"22":3,"23":2,"24":2,"25":2,"26":5,"27":3,"28":13,"29":3,"30":10,"31":10,"32":10,"33":9,"34":8,"35":1,"36":1,"37":1,"38":1,"39":10,"40":3,"41":6,"42":6,"43":6,"44":6,"45":6,"46":22,"47":22,"48":6,"49":6,"50":3,"51":3,"52":3,"53":18,"54":0,"55":2,"56":3},"f":{"0":0,"1":2,"2":11,"3":2,"4":11,"5":2,"6":2,"7":5,"8":13,"9":10,"10":1,"11":6,"12":6,"13":6,"14":22,"15":3,"16":18,"17":0,"18":2},"b":{"0":[0,0],"1":[1,1],"2":[1,1],"3":[10,1],"4":[9,1],"5":[8,1]},"_coverageSchema":"1a1c01bbd47fc00a2c39e90264f33305004495a9","hash":"0e1f4949ff404d77912324dc9378aa9963454cb4"}
,"C:\\Users\\HP\\MD-links\\LIM013-fe-md-links\\test\\testData.js": {"path":"C:\\Users\\HP\\MD-links\\LIM013-fe-md-links\\test\\testData.js","statementMap":{"0":{"start":{"line":8,"column":0},"end":{"line":64,"column":3}},"1":{"start":{"line":114,"column":0},"end":{"line":192,"column":3}},"2":{"start":{"line":194,"column":16},"end":{"line":194,"column":96}},"3":{"start":{"line":195,"column":14},"end":{"line":195,"column":95}},"4":{"start":{"line":197,"column":2},"end":{"line":202,"column":2}}},"fnMap":{},"branchMap":{},"s":{"0":1,"1":1,"2":1,"3":1,"4":1},"f":{},"b":{},"_coverageSchema":"1a1c01bbd47fc00a2c39e90264f33305004495a9","hash":"b49901324a36e7fd8f3593bdc7ac65ff1146a600"}
}
