{"C:\\Users\\HP\\MD-links\\LIM013-fe-md-links\\_mocks_\\node-fetch.js": {"path":"C:\\Users\\HP\\MD-links\\LIM013-fe-md-links\\_mocks_\\node-fetch.js","statementMap":{"0":{"start":{"line":1,"column":18},"end":{"line":1,"column":50}},"1":{"start":{"line":2,"column":18},"end":{"line":2,"column":49}},"2":{"start":{"line":3,"column":0},"end":{"line":5,"column":3}},"3":{"start":{"line":8,"column":0},"end":{"line":11,"column":50}},"4":{"start":{"line":13,"column":0},"end":{"line":13,"column":27}}},"fnMap":{},"branchMap":{},"s":{"0":1,"1":1,"2":1,"3":1,"4":1},"f":{},"b":{},"_coverageSchema":"1a1c01bbd47fc00a2c39e90264f33305004495a9","hash":"ab90c129dda3af81dcc6272a1b105c074c3d08a0"}
,"C:\\Users\\HP\\MD-links\\LIM013-fe-md-links\\src\\stats.js": {"path":"C:\\Users\\HP\\MD-links\\LIM013-fe-md-links\\src\\stats.js","statementMap":{"0":{"start":{"line":55,"column":26},"end":{"line":57,"column":3}},"1":{"start":{"line":56,"column":4},"end":{"line":56,"column":25}},"2":{"start":{"line":61,"column":29},"end":{"line":63,"column":3}},"3":{"start":{"line":62,"column":4},"end":{"line":62,"column":59}},"4":{"start":{"line":62,"column":41},"end":{"line":62,"column":51}},"5":{"start":{"line":67,"column":29},"end":{"line":69,"column":3}},"6":{"start":{"line":68,"column":4},"end":{"line":68,"column":68}},"7":{"start":{"line":68,"column":41},"end":{"line":68,"column":59}}},"fnMap":{"0":{"name":"(anonymous_0)","decl":{"start":{"line":55,"column":26},"end":{"line":55,"column":27}},"loc":{"start":{"line":55,"column":38},"end":{"line":57,"column":3}},"line":55},"1":{"name":"(anonymous_1)","decl":{"start":{"line":61,"column":29},"end":{"line":61,"column":30}},"loc":{"start":{"line":61,"column":41},"end":{"line":63,"column":3}},"line":61},"2":{"name":"(anonymous_2)","decl":{"start":{"line":62,"column":30},"end":{"line":62,"column":31}},"loc":{"start":{"line":62,"column":41},"end":{"line":62,"column":51}},"line":62},"3":{"name":"(anonymous_3)","decl":{"start":{"line":67,"column":29},"end":{"line":67,"column":30}},"loc":{"start":{"line":67,"column":49},"end":{"line":69,"column":3}},"line":67},"4":{"name":"(anonymous_4)","decl":{"start":{"line":68,"column":33},"end":{"line":68,"column":34}},"loc":{"start":{"line":68,"column":41},"end":{"line":68,"column":59}},"line":68}},"branchMap":{},"s":{"0":1,"1":1,"2":1,"3":1,"4":11,"5":1,"6":1,"7":11},"f":{"0":1,"1":1,"2":11,"3":1,"4":11},"b":{},"_coverageSchema":"1a1c01bbd47fc00a2c39e90264f33305004495a9","hash":"8e393959053db98ddebce2a017e34bd1b7411cd5"}
,"C:\\Users\\HP\\MD-links\\LIM013-fe-md-links\\src\\md-Links\\mdLinks.js": {"path":"C:\\Users\\HP\\MD-links\\LIM013-fe-md-links\\src\\md-Links\\mdLinks.js","statementMap":{"0":{"start":{"line":7,"column":16},"end":{"line":15,"column":1}},"1":{"start":{"line":8,"column":2},"end":{"line":11,"column":3}},"2":{"start":{"line":9,"column":4},"end":{"line":9,"column":32}},"3":{"start":{"line":12,"column":2},"end":{"line":14,"column":3}},"4":{"start":{"line":13,"column":4},"end":{"line":13,"column":60}},"5":{"start":{"line":13,"column":34},"end":{"line":13,"column":58}}},"fnMap":{"0":{"name":"(anonymous_0)","decl":{"start":{"line":7,"column":16},"end":{"line":7,"column":17}},"loc":{"start":{"line":7,"column":36},"end":{"line":15,"column":1}},"line":7},"1":{"name":"(anonymous_1)","decl":{"start":{"line":13,"column":23},"end":{"line":13,"column":24}},"loc":{"start":{"line":13,"column":34},"end":{"line":13,"column":58}},"line":13}},"branchMap":{"0":{"loc":{"start":{"line":8,"column":2},"end":{"line":11,"column":3}},"type":"if","locations":[{"start":{"line":8,"column":2},"end":{"line":11,"column":3}},{"start":{"line":8,"column":2},"end":{"line":11,"column":3}}],"line":8},"1":{"loc":{"start":{"line":12,"column":2},"end":{"line":14,"column":3}},"type":"if","locations":[{"start":{"line":12,"column":2},"end":{"line":14,"column":3}},{"start":{"line":12,"column":2},"end":{"line":14,"column":3}}],"line":12}},"s":{"0":1,"1":2,"2":1,"3":1,"4":1,"5":1},"f":{"0":2,"1":1},"b":{"0":[1,1],"1":[1,0]},"_coverageSchema":"1a1c01bbd47fc00a2c39e90264f33305004495a9","hash":"5adf564bfa75c2c6fd4bd9df048357724460aceb"}
,"C:\\Users\\HP\\MD-links\\LIM013-fe-md-links\\src\\md-Links\\utils1.js": {"path":"C:\\Users\\HP\\MD-links\\LIM013-fe-md-links\\src\\md-Links\\utils1.js","statementMap":{"0":{"start":{"line":12,"column":17},"end":{"line":12,"column":38}},"1":{"start":{"line":20,"column":14},"end":{"line":20,"column":37}},"2":{"start":{"line":21,"column":14},"end":{"line":21,"column":40}},"3":{"start":{"line":22,"column":14},"end":{"line":22,"column":73}},"4":{"start":{"line":27,"column":23},"end":{"line":27,"column":66}},"5":{"start":{"line":27,"column":33},"end":{"line":27,"column":66}},"6":{"start":{"line":30,"column":28},"end":{"line":30,"column":73}},"7":{"start":{"line":30,"column":38},"end":{"line":30,"column":73}},"8":{"start":{"line":41,"column":31},"end":{"line":43,"column":3}},"9":{"start":{"line":42,"column":4},"end":{"line":42,"column":31}},"10":{"start":{"line":47,"column":31},"end":{"line":51,"column":1}},"11":{"start":{"line":48,"column":18},"end":{"line":48,"column":37}},"12":{"start":{"line":49,"column":21},"end":{"line":49,"column":60}},"13":{"start":{"line":50,"column":4},"end":{"line":50,"column":21}},"14":{"start":{"line":55,"column":25},"end":{"line":59,"column":1}},"15":{"start":{"line":56,"column":17},"end":{"line":56,"column":36}},"16":{"start":{"line":57,"column":19},"end":{"line":57,"column":52}},"17":{"start":{"line":58,"column":4},"end":{"line":58,"column":18}},"18":{"start":{"line":66,"column":38},"end":{"line":70,"column":1}},"19":{"start":{"line":67,"column":29},"end":{"line":67,"column":61}},"20":{"start":{"line":67,"column":40},"end":{"line":67,"column":61}},"21":{"start":{"line":68,"column":5},"end":{"line":69,"column":34}},"22":{"start":{"line":69,"column":6},"end":{"line":69,"column":31}},"23":{"start":{"line":73,"column":30},"end":{"line":73,"column":60}},"24":{"start":{"line":73,"column":41},"end":{"line":73,"column":60}},"25":{"start":{"line":75,"column":26},"end":{"line":91,"column":5}},"26":{"start":{"line":76,"column":29},"end":{"line":76,"column":31}},"27":{"start":{"line":77,"column":22},"end":{"line":77,"column":42}},"28":{"start":{"line":78,"column":8},"end":{"line":89,"column":9}},"29":{"start":{"line":80,"column":12},"end":{"line":82,"column":13}},"30":{"start":{"line":81,"column":15},"end":{"line":81,"column":44}},"31":{"start":{"line":84,"column":12},"end":{"line":88,"column":13}},"32":{"start":{"line":85,"column":34},"end":{"line":85,"column":41}},"33":{"start":{"line":86,"column":39},"end":{"line":86,"column":64}},"34":{"start":{"line":87,"column":10},"end":{"line":87,"column":71}},"35":{"start":{"line":90,"column":8},"end":{"line":90,"column":30}},"36":{"start":{"line":96,"column":29},"end":{"line":118,"column":9}},"37":{"start":{"line":97,"column":29},"end":{"line":97,"column":31}},"38":{"start":{"line":98,"column":31},"end":{"line":98,"column":73}},"39":{"start":{"line":98,"column":42},"end":{"line":98,"column":73}},"40":{"start":{"line":99,"column":11},"end":{"line":114,"column":13}},"41":{"start":{"line":103,"column":12},"end":{"line":110,"column":16}},"42":{"start":{"line":104,"column":35},"end":{"line":108,"column":23}},"43":{"start":{"line":109,"column":18},"end":{"line":109,"column":42}},"44":{"start":{"line":112,"column":14},"end":{"line":112,"column":54}},"45":{"start":{"line":116,"column":10},"end":{"line":116,"column":30}},"46":{"start":{"line":124,"column":36},"end":{"line":146,"column":9}},"47":{"start":{"line":125,"column":29},"end":{"line":125,"column":44}},"48":{"start":{"line":126,"column":24},"end":{"line":142,"column":14}},"49":{"start":{"line":126,"column":49},"end":{"line":142,"column":13}},"50":{"start":{"line":127,"column":24},"end":{"line":134,"column":11}},"51":{"start":{"line":135,"column":22},"end":{"line":142,"column":11}},"52":{"start":{"line":144,"column":10},"end":{"line":144,"column":36}},"53":{"start":{"line":153,"column":8},"end":{"line":153,"column":113}},"54":{"start":{"line":153,"column":65},"end":{"line":153,"column":81}},"55":{"start":{"line":153,"column":96},"end":{"line":153,"column":112}}},"fnMap":{"0":{"name":"(anonymous_0)","decl":{"start":{"line":27,"column":23},"end":{"line":27,"column":24}},"loc":{"start":{"line":27,"column":33},"end":{"line":27,"column":66}},"line":27},"1":{"name":"(anonymous_1)","decl":{"start":{"line":30,"column":28},"end":{"line":30,"column":29}},"loc":{"start":{"line":30,"column":38},"end":{"line":30,"column":73}},"line":30},"2":{"name":"(anonymous_2)","decl":{"start":{"line":41,"column":31},"end":{"line":41,"column":32}},"loc":{"start":{"line":41,"column":42},"end":{"line":43,"column":3}},"line":41},"3":{"name":"(anonymous_3)","decl":{"start":{"line":47,"column":31},"end":{"line":47,"column":32}},"loc":{"start":{"line":47,"column":40},"end":{"line":51,"column":1}},"line":47},"4":{"name":"(anonymous_4)","decl":{"start":{"line":55,"column":25},"end":{"line":55,"column":26}},"loc":{"start":{"line":55,"column":36},"end":{"line":59,"column":1}},"line":55},"5":{"name":"(anonymous_5)","decl":{"start":{"line":66,"column":38},"end":{"line":66,"column":39}},"loc":{"start":{"line":66,"column":49},"end":{"line":70,"column":1}},"line":66},"6":{"name":"(anonymous_6)","decl":{"start":{"line":67,"column":29},"end":{"line":67,"column":30}},"loc":{"start":{"line":67,"column":40},"end":{"line":67,"column":61}},"line":67},"7":{"name":"(anonymous_7)","decl":{"start":{"line":68,"column":42},"end":{"line":68,"column":43}},"loc":{"start":{"line":69,"column":6},"end":{"line":69,"column":31}},"line":69},"8":{"name":"(anonymous_8)","decl":{"start":{"line":73,"column":30},"end":{"line":73,"column":31}},"loc":{"start":{"line":73,"column":41},"end":{"line":73,"column":60}},"line":73},"9":{"name":"(anonymous_9)","decl":{"start":{"line":75,"column":26},"end":{"line":75,"column":27}},"loc":{"start":{"line":75,"column":37},"end":{"line":91,"column":5}},"line":75},"10":{"name":"(anonymous_10)","decl":{"start":{"line":84,"column":50},"end":{"line":84,"column":51}},"loc":{"start":{"line":84,"column":63},"end":{"line":88,"column":11}},"line":84},"11":{"name":"(anonymous_11)","decl":{"start":{"line":96,"column":29},"end":{"line":96,"column":30}},"loc":{"start":{"line":96,"column":40},"end":{"line":118,"column":9}},"line":96},"12":{"name":"(anonymous_12)","decl":{"start":{"line":98,"column":31},"end":{"line":98,"column":32}},"loc":{"start":{"line":98,"column":42},"end":{"line":98,"column":73}},"line":98},"13":{"name":"(anonymous_13)","decl":{"start":{"line":99,"column":35},"end":{"line":99,"column":36}},"loc":{"start":{"line":99,"column":45},"end":{"line":114,"column":11}},"line":99},"14":{"name":"(anonymous_14)","decl":{"start":{"line":103,"column":28},"end":{"line":103,"column":29}},"loc":{"start":{"line":103,"column":51},"end":{"line":110,"column":15}},"line":103},"15":{"name":"(anonymous_15)","decl":{"start":{"line":124,"column":36},"end":{"line":124,"column":37}},"loc":{"start":{"line":124,"column":45},"end":{"line":146,"column":9}},"line":124},"16":{"name":"(anonymous_16)","decl":{"start":{"line":126,"column":39},"end":{"line":126,"column":40}},"loc":{"start":{"line":126,"column":49},"end":{"line":142,"column":13}},"line":126},"17":{"name":"(anonymous_17)","decl":{"start":{"line":127,"column":16},"end":{"line":127,"column":17}},"loc":{"start":{"line":127,"column":24},"end":{"line":134,"column":11}},"line":127},"18":{"name":"(anonymous_18)","decl":{"start":{"line":135,"column":17},"end":{"line":135,"column":18}},"loc":{"start":{"line":135,"column":22},"end":{"line":142,"column":11}},"line":135},"19":{"name":"(anonymous_19)","decl":{"start":{"line":153,"column":56},"end":{"line":153,"column":57}},"loc":{"start":{"line":153,"column":65},"end":{"line":153,"column":81}},"line":153},"20":{"name":"(anonymous_20)","decl":{"start":{"line":153,"column":89},"end":{"line":153,"column":90}},"loc":{"start":{"line":153,"column":96},"end":{"line":153,"column":112}},"line":153}},"branchMap":{"0":{"loc":{"start":{"line":27,"column":33},"end":{"line":27,"column":66}},"type":"cond-expr","locations":[{"start":{"line":27,"column":56},"end":{"line":27,"column":60}},{"start":{"line":27,"column":61},"end":{"line":27,"column":66}}],"line":27},"1":{"loc":{"start":{"line":30,"column":38},"end":{"line":30,"column":73}},"type":"cond-expr","locations":[{"start":{"line":30,"column":63},"end":{"line":30,"column":67}},{"start":{"line":30,"column":68},"end":{"line":30,"column":73}}],"line":30},"2":{"loc":{"start":{"line":49,"column":21},"end":{"line":49,"column":60}},"type":"cond-expr","locations":[{"start":{"line":49,"column":50},"end":{"line":49,"column":54}},{"start":{"line":49,"column":55},"end":{"line":49,"column":60}}],"line":49},"3":{"loc":{"start":{"line":57,"column":19},"end":{"line":57,"column":52}},"type":"cond-expr","locations":[{"start":{"line":57,"column":42},"end":{"line":57,"column":46}},{"start":{"line":57,"column":47},"end":{"line":57,"column":52}}],"line":57},"4":{"loc":{"start":{"line":78,"column":8},"end":{"line":89,"column":9}},"type":"if","locations":[{"start":{"line":78,"column":8},"end":{"line":89,"column":9}},{"start":{"line":78,"column":8},"end":{"line":89,"column":9}}],"line":78},"5":{"loc":{"start":{"line":80,"column":12},"end":{"line":82,"column":13}},"type":"if","locations":[{"start":{"line":80,"column":12},"end":{"line":82,"column":13}},{"start":{"line":80,"column":12},"end":{"line":82,"column":13}}],"line":80}},"s":{"0":3,"1":3,"2":3,"3":3,"4":3,"5":0,"6":3,"7":2,"8":3,"9":14,"10":3,"11":2,"12":2,"13":2,"14":3,"15":14,"16":14,"17":14,"18":3,"19":2,"20":2,"21":2,"22":5,"23":3,"24":16,"25":3,"26":13,"27":13,"28":13,"29":12,"30":11,"31":1,"32":1,"33":1,"34":1,"35":13,"36":3,"37":9,"38":9,"39":9,"40":9,"41":9,"42":40,"43":40,"44":9,"45":9,"46":3,"47":6,"48":6,"49":36,"50":12,"51":2,"52":6,"53":3,"54":1,"55":0},"f":{"0":0,"1":2,"2":14,"3":2,"4":14,"5":2,"6":2,"7":5,"8":16,"9":13,"10":1,"11":9,"12":9,"13":9,"14":40,"15":6,"16":36,"17":12,"18":2,"19":1,"20":0},"b":{"0":[0,0],"1":[1,1],"2":[1,1],"3":[13,1],"4":[12,1],"5":[11,1]},"_coverageSchema":"1a1c01bbd47fc00a2c39e90264f33305004495a9","hash":"23b60ee5f9a1076e47e72407f9d597837d0e9087"}
,"C:\\Users\\HP\\MD-links\\LIM013-fe-md-links\\test\\testData.js": {"path":"C:\\Users\\HP\\MD-links\\LIM013-fe-md-links\\test\\testData.js","statementMap":{"0":{"start":{"line":69,"column":0},"end":{"line":112,"column":3}},"1":{"start":{"line":198,"column":2},"end":{"line":203,"column":2}}},"fnMap":{},"branchMap":{},"s":{"0":1,"1":1},"f":{},"b":{},"_coverageSchema":"1a1c01bbd47fc00a2c39e90264f33305004495a9","hash":"6cb577df69c098710812fe8e004034522e7ff0d4"}
}
