TN:
SF:_mocks_\node-fetch.js
FNF:0
FNH:0
DA:1,1
DA:2,1
DA:3,1
DA:8,1
DA:13,1
LF:5
LH:5
BRF:0
BRH:0
end_of_record
TN:
SF:src\stats.js
FN:55,(anonymous_0)
FN:61,(anonymous_1)
FN:62,(anonymous_2)
FN:67,(anonymous_3)
FN:68,(anonymous_4)
FNF:5
FNH:5
FNDA:1,(anonymous_0)
FNDA:1,(anonymous_1)
FNDA:11,(anonymous_2)
FNDA:1,(anonymous_3)
FNDA:11,(anonymous_4)
DA:55,1
DA:56,1
DA:61,1
DA:62,11
DA:67,1
DA:68,11
LF:6
LH:6
BRF:0
BRH:0
end_of_record
TN:
SF:src\md-Links\mdLinks.js
FN:7,(anonymous_0)
FN:13,(anonymous_1)
FNF:2
FNH:2
FNDA:2,(anonymous_0)
FNDA:1,(anonymous_1)
DA:7,1
DA:8,2
DA:9,1
DA:12,1
DA:13,1
LF:5
LH:5
BRDA:8,0,0,1
BRDA:8,0,1,1
BRDA:12,1,0,1
BRDA:12,1,1,0
BRF:4
BRH:3
end_of_record
TN:
SF:src\md-Links\utils1.js
FN:21,(anonymous_0)
FN:24,(anonymous_1)
FN:35,(anonymous_2)
FN:41,(anonymous_3)
FN:49,(anonymous_4)
FN:60,(anonymous_5)
FN:61,(anonymous_6)
FN:62,(anonymous_7)
FN:67,(anonymous_8)
FN:69,(anonymous_9)
FN:78,(anonymous_10)
FN:90,(anonymous_11)
FN:92,(anonymous_12)
FN:93,(anonymous_13)
FN:97,(anonymous_14)
FN:118,(anonymous_15)
FN:120,(anonymous_16)
FN:121,(anonymous_17)
FN:129,(anonymous_18)
FNF:19
FNH:17
FNDA:0,(anonymous_0)
FNDA:2,(anonymous_1)
FNDA:11,(anonymous_2)
FNDA:2,(anonymous_3)
FNDA:11,(anonymous_4)
FNDA:2,(anonymous_5)
FNDA:2,(anonymous_6)
FNDA:5,(anonymous_7)
FNDA:13,(anonymous_8)
FNDA:10,(anonymous_9)
FNDA:1,(anonymous_10)
FNDA:6,(anonymous_11)
FNDA:6,(anonymous_12)
FNDA:6,(anonymous_13)
FNDA:22,(anonymous_14)
FNDA:3,(anonymous_15)
FNDA:18,(anonymous_16)
FNDA:0,(anonymous_17)
FNDA:2,(anonymous_18)
DA:4,3
DA:5,3
DA:6,3
DA:7,3
DA:8,3
DA:14,3
DA:15,3
DA:16,3
DA:21,3
DA:24,3
DA:35,3
DA:36,11
DA:41,3
DA:42,2
DA:43,2
DA:44,2
DA:49,3
DA:50,11
DA:51,11
DA:52,11
DA:60,3
DA:61,2
DA:62,2
DA:63,5
DA:67,13
DA:69,3
DA:70,10
DA:71,10
DA:72,10
DA:74,9
DA:75,8
DA:78,1
DA:79,1
DA:80,1
DA:81,1
DA:84,10
DA:90,3
DA:91,6
DA:92,6
DA:93,6
DA:97,6
DA:98,22
DA:103,22
DA:106,6
DA:110,6
DA:118,3
DA:119,3
DA:120,18
DA:121,0
DA:129,2
DA:138,3
LF:51
LH:50
BRDA:21,0,0,0
BRDA:21,0,1,0
BRDA:24,1,0,1
BRDA:24,1,1,1
BRDA:43,2,0,1
BRDA:43,2,1,1
BRDA:51,3,0,10
BRDA:51,3,1,1
BRDA:72,4,0,9
BRDA:72,4,1,1
BRDA:74,5,0,8
BRDA:74,5,1,1
BRF:12
BRH:10
end_of_record
TN:
SF:test\testData.js
FNF:0
FNH:0
DA:8,1
DA:114,1
DA:194,1
DA:195,1
DA:197,1
LF:5
LH:5
BRF:0
BRH:0
end_of_record
