TN:
SF:_mocks_\node-fetch.js
FNF:0
FNH:0
DA:1,1
DA:2,1
DA:3,1
DA:8,1
DA:13,1
LF:5
LH:5
BRF:0
BRH:0
end_of_record
TN:
SF:src\stats.js
FN:55,(anonymous_0)
FN:61,(anonymous_1)
FN:62,(anonymous_2)
FN:67,(anonymous_3)
FN:68,(anonymous_4)
FNF:5
FNH:5
FNDA:1,(anonymous_0)
FNDA:1,(anonymous_1)
FNDA:11,(anonymous_2)
FNDA:1,(anonymous_3)
FNDA:11,(anonymous_4)
DA:55,1
DA:56,1
DA:61,1
DA:62,11
DA:67,1
DA:68,11
LF:6
LH:6
BRF:0
BRH:0
end_of_record
TN:
SF:src\md-Links\mdLinks.js
FN:7,(anonymous_0)
FN:13,(anonymous_1)
FNF:2
FNH:2
FNDA:2,(anonymous_0)
FNDA:1,(anonymous_1)
DA:7,1
DA:8,2
DA:9,1
DA:12,1
DA:13,1
LF:5
LH:5
BRDA:8,0,0,1
BRDA:8,0,1,1
BRDA:12,1,0,1
BRDA:12,1,1,0
BRF:4
BRH:3
end_of_record
TN:
SF:src\md-Links\utils1.js
FN:19,(anonymous_0)
FN:22,(anonymous_1)
FN:26,(anonymous_2)
FN:32,(anonymous_3)
FN:40,(anonymous_4)
FN:51,(anonymous_5)
FN:52,(anonymous_6)
FN:53,(anonymous_7)
FN:58,(anonymous_8)
FN:60,(anonymous_9)
FN:69,(anonymous_10)
FN:81,(anonymous_11)
FN:83,(anonymous_12)
FN:84,(anonymous_13)
FN:88,(anonymous_14)
FN:109,(anonymous_15)
FN:111,(anonymous_16)
FN:112,(anonymous_17)
FN:120,(anonymous_18)
FN:135,(anonymous_19)
FN:135,(anonymous_20)
FNF:21
FNH:19
FNDA:0,(anonymous_0)
FNDA:2,(anonymous_1)
FNDA:14,(anonymous_2)
FNDA:2,(anonymous_3)
FNDA:14,(anonymous_4)
FNDA:2,(anonymous_5)
FNDA:2,(anonymous_6)
FNDA:5,(anonymous_7)
FNDA:16,(anonymous_8)
FNDA:13,(anonymous_9)
FNDA:1,(anonymous_10)
FNDA:9,(anonymous_11)
FNDA:9,(anonymous_12)
FNDA:9,(anonymous_13)
FNDA:55,(anonymous_14)
FNDA:6,(anonymous_15)
FNDA:51,(anonymous_16)
FNDA:15,(anonymous_17)
FNDA:8,(anonymous_18)
FNDA:1,(anonymous_19)
FNDA:0,(anonymous_20)
DA:4,3
DA:12,3
DA:13,3
DA:14,3
DA:19,3
DA:22,3
DA:26,3
DA:27,14
DA:32,3
DA:33,2
DA:34,2
DA:35,2
DA:40,3
DA:41,14
DA:42,14
DA:43,14
DA:51,3
DA:52,2
DA:53,2
DA:54,5
DA:58,16
DA:60,3
DA:61,13
DA:62,13
DA:63,13
DA:65,12
DA:66,11
DA:69,1
DA:70,1
DA:71,1
DA:72,1
DA:75,13
DA:81,3
DA:82,9
DA:83,9
DA:84,9
DA:88,9
DA:89,55
DA:94,55
DA:97,9
DA:101,9
DA:109,3
DA:110,6
DA:111,51
DA:112,15
DA:120,8
DA:129,6
DA:135,3
LF:48
LH:48
BRDA:19,0,0,0
BRDA:19,0,1,0
BRDA:22,1,0,1
BRDA:22,1,1,1
BRDA:34,2,0,1
BRDA:34,2,1,1
BRDA:42,3,0,13
BRDA:42,3,1,1
BRDA:63,4,0,12
BRDA:63,4,1,1
BRDA:65,5,0,11
BRDA:65,5,1,1
BRF:12
BRH:10
end_of_record
TN:
SF:test\testData.js
FNF:0
FNH:0
DA:70,1
DA:199,1
LF:2
LH:2
BRF:0
BRH:0
end_of_record
